{
  "totalErrors": 62,
  "timestamp": "2025-08-06T13:16:17.295Z",
  "errorsByFile": {},
  "rawOutput": "app/api/orders/check-code-status/[code]/route.ts(2,10): error TS2614: Module '\"@/lib/db\"' has no exported member 'db'. Did you mean to use 'import db from \"@/lib/db\"' instead?\napp/cassa/page-wrapper-optimized.tsx(953,34): error TS2345: Argument of type 'boolean | undefined' is not assignable to parameter of type 'SetStateAction<boolean>'.\n  Type 'undefined' is not assignable to type 'SetStateAction<boolean>'.\napp/dashboard/products/page.tsx(816,13): error TS2322: Type '{ isOpen: true; onClose: () => void; onSave: () => Promise<void>; }' is not assignable to type 'IntrinsicAttributes & CategoryModalProps'.\n  Property 'onSave' does not exist on type 'IntrinsicAttributes & CategoryModalProps'.\napp/dashboard/products/page.tsx(825,13): error TS2322: Type '{ isOpen: true; onClose: () => void; categories: Category[]; onSave: () => Promise<void>; }' is not assignable to type 'IntrinsicAttributes & SubcategoryModalProps'.\n  Property 'onSave' does not exist on type 'IntrinsicAttributes & SubcategoryModalProps'.\napp/dashboard/products/page.tsx(833,13): error TS2322: Type '{ isOpen: true; onClose: () => void; onImport: () => Promise<void>; }' is not assignable to type 'IntrinsicAttributes & ImportModalProps'.\n  Property 'onImport' does not exist on type 'IntrinsicAttributes & ImportModalProps'.\ncomponents/cassa/BluetoothPrinterPanel.tsx(79,50): error TS2339: Property 'isBluetoothSupported' does not exist on type 'Function'.\ncomponents/cassa/BluetoothPrinterPanel.tsx(114,34): error TS18048: 'colors.status' is possibly 'undefined'.\ncomponents/cassa/BluetoothPrinterPanel.tsx(115,30): error TS18048: 'colors.status' is possibly 'undefined'.\ncomponents/cassa/BluetoothPrinterPanel.tsx(118,64): error TS18048: 'colors.status' is possibly 'undefined'.\ncomponents/cassa/BluetoothPrinterPanel.tsx(120,62): error TS18048: 'colors.status' is possibly 'undefined'.\ncomponents/cassa/BluetoothPrinterPanel.tsx(139,53): error TS18048: 'colors.status' is possibly 'undefined'.\ncomponents/cassa/BluetoothPrinterPanel.tsx(140,49): error TS18048: 'colors.status' is possibly 'undefined'.\ncomponents/cassa/BluetoothPrinterPanel.tsx(144,73): error TS18048: 'colors.status' is possibly 'undefined'.\ncomponents/cassa/BluetoothPrinterPanel.tsx(171,36): error TS18048: 'colors.status' is possibly 'undefined'.\ncomponents/cassa/BluetoothPrinterPanel.tsx(172,32): error TS18048: 'colors.status' is possibly 'undefined'.\ncomponents/cassa/BluetoothPrinterPanel.tsx(175,66): error TS18048: 'colors.status' is possibly 'undefined'.\ncomponents/cassa/BluetoothPrinterPanel.tsx(176,59): error TS18048: 'colors.status' is possibly 'undefined'.\ncomponents/cassa/BluetoothPrinterPanel.tsx(187,36): error TS18048: 'colors.status' is possibly 'undefined'.\ncomponents/cassa/BluetoothPrinterPanel.tsx(188,32): error TS18048: 'colors.status' is possibly 'undefined'.\ncomponents/cassa/BluetoothPrinterPanel.tsx(191,66): error TS18048: 'colors.status' is possibly 'undefined'.\ncomponents/cassa/BluetoothPrinterPanel.tsx(192,59): error TS18048: 'colors.status' is possibly 'undefined'.\ncomponents/cassa/BluetoothPrinterPanel.tsx(260,38): error TS18048: 'colors.status' is possibly 'undefined'.\ncomponents/cassa/CassaHeader.tsx(122,34): error TS2322: Type 'string | undefined' is not assignable to type 'string'.\n  Type 'undefined' is not assignable to type 'string'.\ncomponents/cassa/CassaHeader.tsx(123,34): error TS2322: Type 'string | undefined' is not assignable to type 'string'.\n  Type 'undefined' is not assignable to type 'string'.\ncomponents/cassa/MultiOrderPartialPaymentModal.tsx(690,36): error TS18048: 'colors.status' is possibly 'undefined'.\ncomponents/cassa/MultiOrderPartialPaymentModal.tsx(691,32): error TS18048: 'colors.status' is possibly 'undefined'.\ncomponents/cassa/MultiOrderPartialPaymentModal.tsx(694,62): error TS18048: 'colors.status' is possibly 'undefined'.\ncomponents/cassa/MultiOrderPartialPaymentModal.tsx(695,59): error TS18048: 'colors.status' is possibly 'undefined'.\ncomponents/cassa/SimplePartialPaymentModal.tsx(785,36): error TS18048: 'colors.status' is possibly 'undefined'.\ncomponents/cassa/SimplePartialPaymentModal.tsx(786,32): error TS18048: 'colors.status' is possibly 'undefined'.\ncomponents/cassa/SimplePartialPaymentModal.tsx(789,62): error TS18048: 'colors.status' is possibly 'undefined'.\ncomponents/cassa/SimplePartialPaymentModal.tsx(790,59): error TS18048: 'colors.status' is possibly 'undefined'.\ncomponents/cassa/TableDetailsDrawer.tsx(746,44): error TS18048: 'colors.status' is possibly 'undefined'.\ncomponents/cassa/TableDetailsDrawer.tsx(747,40): error TS18048: 'colors.status' is possibly 'undefined'.\ncomponents/cassa/TableDetailsDrawer.tsx(750,70): error TS18048: 'colors.status' is possibly 'undefined'.\ncomponents/cassa/TableDetailsDrawer.tsx(751,67): error TS18048: 'colors.status' is possibly 'undefined'.\nlib/actions/ingredienti-miscelati.ts(3,10): error TS2614: Module '\"@/lib/db\"' has no exported member 'db'. Did you mean to use 'import db from \"@/lib/db\"' instead?\nlib/actions/ingredienti-miscelati.ts(4,10): error TS2305: Module '\"@/lib/auth-multi-tenant\"' has no exported member 'auth'.\nlib/actions/ingredienti-miscelati.ts(38,31): error TS7006: Parameter 'ing' implicitly has an 'any' type.\nlib/actions/ordinazioni/ordini-crud.ts(347,36): error TS2339: Property 'prezzoFinale' does not exist on type 'ProdottoOrdine'.\nlib/actions/ordinazioni/ordini-crud.ts(374,22): error TS2339: Property 'configurazione' does not exist on type 'ProdottoOrdine'.\nlib/actions/ordinazioni/ordini-crud.ts(374,49): error TS2339: Property 'prezzoFinale' does not exist on type 'ProdottoOrdine'.\nlib/actions/ordinazioni/ordini-crud.ts(381,24): error TS2339: Property 'configurazione' does not exist on type 'ProdottoOrdine'.\nlib/actions/ordinazioni/ordini-crud.ts(382,24): error TS2339: Property 'prezzoFinale' does not exist on type 'ProdottoOrdine'.\nlib/actions/prodotti-configurabili.ts(3,10): error TS2614: Module '\"@/lib/db\"' has no exported member 'db'. Did you mean to use 'import db from \"@/lib/db\"' instead?\nlib/actions/prodotti-configurabili.ts(4,10): error TS2305: Module '\"@/lib/auth-multi-tenant\"' has no exported member 'auth'.\nlib/actions/prodotti-configurabili.ts(65,63): error TS7006: Parameter 'gruppo' implicitly has an 'any' type.\nlib/actions/prodotti-configurabili.ts(73,45): error TS7006: Parameter 'ing' implicitly has an 'any' type.\nlib/actions/prodotti-miscelati.ts(3,10): error TS2614: Module '\"@/lib/db\"' has no exported member 'db'. Did you mean to use 'import db from \"@/lib/db\"' instead?\nlib/actions/prodotti-miscelati.ts(4,10): error TS2305: Module '\"@/lib/auth-multi-tenant\"' has no exported member 'auth'.\nlib/actions/prodotti-miscelati.ts(52,43): error TS7006: Parameter 'pc' implicitly has an 'any' type.\nlib/actions/prodotti-miscelati.ts(60,53): error TS7006: Parameter 'g' implicitly has an 'any' type.\nlib/actions/prodotti-miscelati.ts(66,42): error TS7006: Parameter 'i' implicitly has an 'any' type.\nlib/actions/prodotti-miscelati.ts(156,49): error TS7006: Parameter 'tx' implicitly has an 'any' type.\nlib/actions/prodotti-miscelati.ts(269,15): error TS7006: Parameter 'error' implicitly has an 'any' type.\nlib/bluetooth/netum-printer.ts(64,19): error TS2304: Cannot find name 'BluetoothDevice'.\nlib/bluetooth/netum-printer.ts(65,19): error TS2304: Cannot find name 'BluetoothRemoteGATTServer'.\nlib/bluetooth/netum-printer.ts(66,20): error TS2304: Cannot find name 'BluetoothRemoteGATTService'.\nlib/bluetooth/netum-printer.ts(67,32): error TS2304: Cannot find name 'BluetoothRemoteGATTCharacteristic'.\nlib/bluetooth/netum-printer.ts(72,56): error TS2339: Property 'bluetooth' does not exist on type 'Navigator'.\nlib/bluetooth/netum-printer.ts(83,19): error TS18046: 'navigator.bluetooth' is of type 'unknown'.\nlib/bluetooth/netum-printer.ts(98,37): error TS2339: Property 'bluetooth' does not exist on type 'Navigator'.\n"
}